<?xml version="1.0" encoding="UTF-8"?>
<testsuite name="ru.stqa.pft.addressbook.tests.GroupModificationTests" tests="1" skipped="0" failures="0" errors="0" timestamp="2017-11-01T10:30:11" hostname="WIN-FP7FMM7PUB1" time="1.622">
  <properties/>
  <testcase name="testGroupModification" classname="ru.stqa.pft.addressbook.tests.GroupModificationTests" time="1.622"/>
  <system-out><![CDATA[Hibernate: select groupdata0_.group_id as group_id1_2_, groupdata0_.group_footer as group_fo2_2_, groupdata0_.group_header as group_he3_2_, groupdata0_.group_name as group_na4_2_ from group_list groupdata0_
GroupData{id='84', name='test1'}
GroupData{id='86', name='test11'}
GroupData{id='87', name='test2'}
Hibernate: select groupdata0_.group_id as group_id1_2_, groupdata0_.group_footer as group_fo2_2_, groupdata0_.group_header as group_he3_2_, groupdata0_.group_name as group_na4_2_ from group_list groupdata0_
GroupData{id='84', name='test1'}
GroupData{id='86', name='test11'}
GroupData{id='87', name='test2'}
]]></system-out>
  <system-err><![CDATA[]]></system-err>
</testsuite>
